2022-08-14 12:23:12,052 [main] WARN  o.a.i.d.s.StartupChecks:38 - iotdb.jmx.port missing from iotdb-env.sh(Unix or OS X, if you use Windows, check conf/iotdb-env.bat) 
2022-08-14 12:32:16,585 [pool-12-IoTDB-RPC-Client-1] WARN  o.a.i.d.u.ErrorHandlingUtils:160 - Exception occurred while processing non-query. org.apache.iotdb.db.exception.metadata.PathNotExistException: Path [root.*] does not exist 
2022-08-14 12:33:42,775 [main] WARN  o.a.i.d.s.StartupChecks:38 - iotdb.jmx.port missing from iotdb-env.sh(Unix or OS X, if you use Windows, check conf/iotdb-env.bat) 
2022-08-14 12:34:14,969 [main] WARN  o.a.i.d.s.StartupChecks:38 - iotdb.jmx.port missing from iotdb-env.sh(Unix or OS X, if you use Windows, check conf/iotdb-env.bat) 
2022-08-14 12:34:50,549 [main] WARN  o.a.i.d.s.StartupChecks:38 - iotdb.jmx.port missing from iotdb-env.sh(Unix or OS X, if you use Windows, check conf/iotdb-env.bat) 
2022-08-14 12:41:24,578 [main] WARN  o.a.i.d.s.StartupChecks:38 - iotdb.jmx.port missing from iotdb-env.sh(Unix or OS X, if you use Windows, check conf/iotdb-env.bat) 
2022-08-14 12:44:32,324 [main] WARN  o.a.i.d.s.StartupChecks:38 - iotdb.jmx.port missing from iotdb-env.sh(Unix or OS X, if you use Windows, check conf/iotdb-env.bat) 
2022-08-14 12:45:19,011 [main] WARN  o.a.i.d.s.StartupChecks:38 - iotdb.jmx.port missing from iotdb-env.sh(Unix or OS X, if you use Windows, check conf/iotdb-env.bat) 
2022-08-14 12:45:22,264 [pool-14-IoTDB-RPC-Client-1] WARN  o.a.i.d.u.ErrorHandlingUtils:153 - Exception occurred while processing non-query.  
org.apache.iotdb.db.exception.BatchProcessException: Batch process failed:[TSStatus(code:304, message:Path [root.test.t1.s_0] does not exist)]
	at org.apache.iotdb.db.qp.executor.PlanExecutor.deleteTimeSeries(PlanExecutor.java:1894)
	at org.apache.iotdb.db.qp.executor.PlanExecutor.processNonQuery(PlanExecutor.java:271)
	at org.apache.iotdb.db.service.basic.StandaloneServiceProvider.executeNonQuery(StandaloneServiceProvider.java:53)
	at org.apache.iotdb.db.service.thrift.impl.TSServiceImpl.executeNonQueryPlan(TSServiceImpl.java:2063)
	at org.apache.iotdb.db.service.thrift.impl.TSServiceImpl.executeNonQueryStatement(TSServiceImpl.java:1122)
	at org.apache.iotdb.db.service.thrift.impl.TSServiceImpl.executeUpdateStatement(TSServiceImpl.java:1115)
	at org.apache.iotdb.db.service.thrift.impl.TSServiceImpl.executeUpdateStatement(TSServiceImpl.java:1083)
	at org.apache.iotdb.service.rpc.thrift.TSIService$Processor$executeUpdateStatement.getResult(TSIService.java:2928)
	at org.apache.iotdb.service.rpc.thrift.TSIService$Processor$executeUpdateStatement.getResult(TSIService.java:2908)
	at org.apache.thrift.ProcessFunction.process(ProcessFunction.java:38)
	at org.apache.thrift.TBaseProcessor.process(TBaseProcessor.java:38)
	at org.apache.thrift.server.TThreadPoolServer$WorkerProcess.run(TThreadPoolServer.java:248)
	at java.util.concurrent.ThreadPoolExecutor.runWorker(ThreadPoolExecutor.java:1142)
	at java.util.concurrent.ThreadPoolExecutor$Worker.run(ThreadPoolExecutor.java:617)
	at java.lang.Thread.run(Thread.java:748)
2022-08-14 13:09:13,619 [main] WARN  o.a.i.d.s.StartupChecks:38 - iotdb.jmx.port missing from iotdb-env.sh(Unix or OS X, if you use Windows, check conf/iotdb-env.bat) 
2022-08-14 13:09:26,201 [pool-14-IoTDB-RPC-Client-1] WARN  o.a.i.d.u.ErrorHandlingUtils:153 - Exception occurred while processing non-query.  
org.apache.iotdb.db.exception.BatchProcessException: Batch process failed:[TSStatus(code:304, message:Path [root.test.t1.s_0] does not exist)]
	at org.apache.iotdb.db.qp.executor.PlanExecutor.deleteTimeSeries(PlanExecutor.java:1894)
	at org.apache.iotdb.db.qp.executor.PlanExecutor.processNonQuery(PlanExecutor.java:271)
	at org.apache.iotdb.db.service.basic.StandaloneServiceProvider.executeNonQuery(StandaloneServiceProvider.java:53)
	at org.apache.iotdb.db.service.thrift.impl.TSServiceImpl.executeNonQueryPlan(TSServiceImpl.java:2063)
	at org.apache.iotdb.db.service.thrift.impl.TSServiceImpl.executeNonQueryStatement(TSServiceImpl.java:1122)
	at org.apache.iotdb.db.service.thrift.impl.TSServiceImpl.executeUpdateStatement(TSServiceImpl.java:1115)
	at org.apache.iotdb.db.service.thrift.impl.TSServiceImpl.executeUpdateStatement(TSServiceImpl.java:1083)
	at org.apache.iotdb.service.rpc.thrift.TSIService$Processor$executeUpdateStatement.getResult(TSIService.java:2928)
	at org.apache.iotdb.service.rpc.thrift.TSIService$Processor$executeUpdateStatement.getResult(TSIService.java:2908)
	at org.apache.thrift.ProcessFunction.process(ProcessFunction.java:38)
	at org.apache.thrift.TBaseProcessor.process(TBaseProcessor.java:38)
	at org.apache.thrift.server.TThreadPoolServer$WorkerProcess.run(TThreadPoolServer.java:248)
	at java.util.concurrent.ThreadPoolExecutor.runWorker(ThreadPoolExecutor.java:1142)
	at java.util.concurrent.ThreadPoolExecutor$Worker.run(ThreadPoolExecutor.java:617)
	at java.lang.Thread.run(Thread.java:748)
2022-08-14 13:11:01,709 [pool-14-IoTDB-RPC-Client-2] WARN  o.a.i.d.u.ErrorHandlingUtils:153 - Exception occurred while processing non-query.  
org.apache.iotdb.db.exception.BatchProcessException: Batch process failed:[TSStatus(code:304, message:Path [root.test.t1.s_0] does not exist)]
	at org.apache.iotdb.db.qp.executor.PlanExecutor.deleteTimeSeries(PlanExecutor.java:1894)
	at org.apache.iotdb.db.qp.executor.PlanExecutor.processNonQuery(PlanExecutor.java:271)
	at org.apache.iotdb.db.service.basic.StandaloneServiceProvider.executeNonQuery(StandaloneServiceProvider.java:53)
	at org.apache.iotdb.db.service.thrift.impl.TSServiceImpl.executeNonQueryPlan(TSServiceImpl.java:2063)
	at org.apache.iotdb.db.service.thrift.impl.TSServiceImpl.executeNonQueryStatement(TSServiceImpl.java:1122)
	at org.apache.iotdb.db.service.thrift.impl.TSServiceImpl.executeUpdateStatement(TSServiceImpl.java:1115)
	at org.apache.iotdb.db.service.thrift.impl.TSServiceImpl.executeUpdateStatement(TSServiceImpl.java:1083)
	at org.apache.iotdb.service.rpc.thrift.TSIService$Processor$executeUpdateStatement.getResult(TSIService.java:2928)
	at org.apache.iotdb.service.rpc.thrift.TSIService$Processor$executeUpdateStatement.getResult(TSIService.java:2908)
	at org.apache.thrift.ProcessFunction.process(ProcessFunction.java:38)
	at org.apache.thrift.TBaseProcessor.process(TBaseProcessor.java:38)
	at org.apache.thrift.server.TThreadPoolServer$WorkerProcess.run(TThreadPoolServer.java:248)
	at java.util.concurrent.ThreadPoolExecutor.runWorker(ThreadPoolExecutor.java:1142)
	at java.util.concurrent.ThreadPoolExecutor$Worker.run(ThreadPoolExecutor.java:617)
	at java.lang.Thread.run(Thread.java:748)
2022-08-14 13:13:36,300 [main] WARN  o.a.i.d.s.StartupChecks:38 - iotdb.jmx.port missing from iotdb-env.sh(Unix or OS X, if you use Windows, check conf/iotdb-env.bat) 
2022-08-14 13:13:41,407 [pool-12-IoTDB-RPC-Client-1] WARN  o.a.i.d.u.ErrorHandlingUtils:153 - Exception occurred while processing non-query.  
org.apache.iotdb.db.exception.BatchProcessException: Batch process failed:[TSStatus(code:304, message:Path [root.test.t1.s_0] does not exist)]
	at org.apache.iotdb.db.qp.executor.PlanExecutor.deleteTimeSeries(PlanExecutor.java:1894)
	at org.apache.iotdb.db.qp.executor.PlanExecutor.processNonQuery(PlanExecutor.java:271)
	at org.apache.iotdb.db.service.basic.StandaloneServiceProvider.executeNonQuery(StandaloneServiceProvider.java:53)
	at org.apache.iotdb.db.service.thrift.impl.TSServiceImpl.executeNonQueryPlan(TSServiceImpl.java:2063)
	at org.apache.iotdb.db.service.thrift.impl.TSServiceImpl.executeNonQueryStatement(TSServiceImpl.java:1122)
	at org.apache.iotdb.db.service.thrift.impl.TSServiceImpl.executeUpdateStatement(TSServiceImpl.java:1115)
	at org.apache.iotdb.db.service.thrift.impl.TSServiceImpl.executeUpdateStatement(TSServiceImpl.java:1083)
	at org.apache.iotdb.service.rpc.thrift.TSIService$Processor$executeUpdateStatement.getResult(TSIService.java:2928)
	at org.apache.iotdb.service.rpc.thrift.TSIService$Processor$executeUpdateStatement.getResult(TSIService.java:2908)
	at org.apache.thrift.ProcessFunction.process(ProcessFunction.java:38)
	at org.apache.thrift.TBaseProcessor.process(TBaseProcessor.java:38)
	at org.apache.thrift.server.TThreadPoolServer$WorkerProcess.run(TThreadPoolServer.java:248)
	at java.util.concurrent.ThreadPoolExecutor.runWorker(ThreadPoolExecutor.java:1142)
	at java.util.concurrent.ThreadPoolExecutor$Worker.run(ThreadPoolExecutor.java:617)
	at java.lang.Thread.run(Thread.java:748)
2022-08-14 13:18:04,145 [main] WARN  o.a.i.d.s.StartupChecks:38 - iotdb.jmx.port missing from iotdb-env.sh(Unix or OS X, if you use Windows, check conf/iotdb-env.bat) 
2022-08-14 13:18:29,504 [main] WARN  o.a.i.d.e.StorageEngine:377 - Timed-Flush-Unseq-Memtable still doesn't exit after 60s 
2022-08-14 13:18:29,509 [main] WARN  o.a.i.d.e.c.CompactionTaskManager:200 - CompactionThreadPool can not be closed in 10000 ms 
2022-08-14 13:30:52,308 [main] WARN  o.a.i.d.s.StartupChecks:38 - iotdb.jmx.port missing from iotdb-env.sh(Unix or OS X, if you use Windows, check conf/iotdb-env.bat) 
2022-08-14 13:31:20,462 [pool-14-IoTDB-RPC-Client-1] WARN  o.a.i.d.u.ErrorHandlingUtils:153 - Exception occurred while processing non-query.  
org.apache.iotdb.db.exception.BatchProcessException: Batch process failed:[TSStatus(code:304, message:Path [root.test.t1.s_0] does not exist)]
	at org.apache.iotdb.db.qp.executor.PlanExecutor.deleteTimeSeries(PlanExecutor.java:1894)
	at org.apache.iotdb.db.qp.executor.PlanExecutor.processNonQuery(PlanExecutor.java:271)
	at org.apache.iotdb.db.service.basic.StandaloneServiceProvider.executeNonQuery(StandaloneServiceProvider.java:53)
	at org.apache.iotdb.db.service.thrift.impl.TSServiceImpl.executeNonQueryPlan(TSServiceImpl.java:2063)
	at org.apache.iotdb.db.service.thrift.impl.TSServiceImpl.executeNonQueryStatement(TSServiceImpl.java:1122)
	at org.apache.iotdb.db.service.thrift.impl.TSServiceImpl.executeUpdateStatement(TSServiceImpl.java:1115)
	at org.apache.iotdb.db.service.thrift.impl.TSServiceImpl.executeUpdateStatement(TSServiceImpl.java:1083)
	at org.apache.iotdb.service.rpc.thrift.TSIService$Processor$executeUpdateStatement.getResult(TSIService.java:2928)
	at org.apache.iotdb.service.rpc.thrift.TSIService$Processor$executeUpdateStatement.getResult(TSIService.java:2908)
	at org.apache.thrift.ProcessFunction.process(ProcessFunction.java:38)
	at org.apache.thrift.TBaseProcessor.process(TBaseProcessor.java:38)
	at org.apache.thrift.server.TThreadPoolServer$WorkerProcess.run(TThreadPoolServer.java:248)
	at java.util.concurrent.ThreadPoolExecutor.runWorker(ThreadPoolExecutor.java:1142)
	at java.util.concurrent.ThreadPoolExecutor$Worker.run(ThreadPoolExecutor.java:617)
	at java.lang.Thread.run(Thread.java:748)
2022-08-14 13:33:46,124 [pool-14-IoTDB-RPC-Client-2] WARN  o.a.i.d.u.ErrorHandlingUtils:153 - Exception occurred while processing non-query.  
org.apache.iotdb.db.exception.BatchProcessException: Batch process failed:[TSStatus(code:304, message:Path [root.test.t1.s_0] does not exist)]
	at org.apache.iotdb.db.qp.executor.PlanExecutor.deleteTimeSeries(PlanExecutor.java:1894)
	at org.apache.iotdb.db.qp.executor.PlanExecutor.processNonQuery(PlanExecutor.java:271)
	at org.apache.iotdb.db.service.basic.StandaloneServiceProvider.executeNonQuery(StandaloneServiceProvider.java:53)
	at org.apache.iotdb.db.service.thrift.impl.TSServiceImpl.executeNonQueryPlan(TSServiceImpl.java:2063)
	at org.apache.iotdb.db.service.thrift.impl.TSServiceImpl.executeNonQueryStatement(TSServiceImpl.java:1122)
	at org.apache.iotdb.db.service.thrift.impl.TSServiceImpl.executeUpdateStatement(TSServiceImpl.java:1115)
	at org.apache.iotdb.db.service.thrift.impl.TSServiceImpl.executeUpdateStatement(TSServiceImpl.java:1083)
	at org.apache.iotdb.service.rpc.thrift.TSIService$Processor$executeUpdateStatement.getResult(TSIService.java:2928)
	at org.apache.iotdb.service.rpc.thrift.TSIService$Processor$executeUpdateStatement.getResult(TSIService.java:2908)
	at org.apache.thrift.ProcessFunction.process(ProcessFunction.java:38)
	at org.apache.thrift.TBaseProcessor.process(TBaseProcessor.java:38)
	at org.apache.thrift.server.TThreadPoolServer$WorkerProcess.run(TThreadPoolServer.java:248)
	at java.util.concurrent.ThreadPoolExecutor.runWorker(ThreadPoolExecutor.java:1142)
	at java.util.concurrent.ThreadPoolExecutor$Worker.run(ThreadPoolExecutor.java:617)
	at java.lang.Thread.run(Thread.java:748)
2022-08-14 13:35:18,934 [pool-14-IoTDB-RPC-Client-3] WARN  o.a.i.d.u.ErrorHandlingUtils:153 - Exception occurred while processing non-query.  
org.apache.iotdb.db.exception.BatchProcessException: Batch process failed:[TSStatus(code:304, message:Path [root.test.t1.s_0] does not exist)]
	at org.apache.iotdb.db.qp.executor.PlanExecutor.deleteTimeSeries(PlanExecutor.java:1894)
	at org.apache.iotdb.db.qp.executor.PlanExecutor.processNonQuery(PlanExecutor.java:271)
	at org.apache.iotdb.db.service.basic.StandaloneServiceProvider.executeNonQuery(StandaloneServiceProvider.java:53)
	at org.apache.iotdb.db.service.thrift.impl.TSServiceImpl.executeNonQueryPlan(TSServiceImpl.java:2063)
	at org.apache.iotdb.db.service.thrift.impl.TSServiceImpl.executeNonQueryStatement(TSServiceImpl.java:1122)
	at org.apache.iotdb.db.service.thrift.impl.TSServiceImpl.executeUpdateStatement(TSServiceImpl.java:1115)
	at org.apache.iotdb.db.service.thrift.impl.TSServiceImpl.executeUpdateStatement(TSServiceImpl.java:1083)
	at org.apache.iotdb.service.rpc.thrift.TSIService$Processor$executeUpdateStatement.getResult(TSIService.java:2928)
	at org.apache.iotdb.service.rpc.thrift.TSIService$Processor$executeUpdateStatement.getResult(TSIService.java:2908)
	at org.apache.thrift.ProcessFunction.process(ProcessFunction.java:38)
	at org.apache.thrift.TBaseProcessor.process(TBaseProcessor.java:38)
	at org.apache.thrift.server.TThreadPoolServer$WorkerProcess.run(TThreadPoolServer.java:248)
	at java.util.concurrent.ThreadPoolExecutor.runWorker(ThreadPoolExecutor.java:1142)
	at java.util.concurrent.ThreadPoolExecutor$Worker.run(ThreadPoolExecutor.java:617)
	at java.lang.Thread.run(Thread.java:748)
2022-08-14 13:38:37,652 [pool-14-IoTDB-RPC-Client-4] WARN  o.a.i.d.u.ErrorHandlingUtils:153 - Exception occurred while processing non-query.  
org.apache.iotdb.db.exception.BatchProcessException: Batch process failed:[TSStatus(code:304, message:Path [root.test.t1.s_0] does not exist)]
	at org.apache.iotdb.db.qp.executor.PlanExecutor.deleteTimeSeries(PlanExecutor.java:1894)
	at org.apache.iotdb.db.qp.executor.PlanExecutor.processNonQuery(PlanExecutor.java:271)
	at org.apache.iotdb.db.service.basic.StandaloneServiceProvider.executeNonQuery(StandaloneServiceProvider.java:53)
	at org.apache.iotdb.db.service.thrift.impl.TSServiceImpl.executeNonQueryPlan(TSServiceImpl.java:2063)
	at org.apache.iotdb.db.service.thrift.impl.TSServiceImpl.executeNonQueryStatement(TSServiceImpl.java:1122)
	at org.apache.iotdb.db.service.thrift.impl.TSServiceImpl.executeUpdateStatement(TSServiceImpl.java:1115)
	at org.apache.iotdb.db.service.thrift.impl.TSServiceImpl.executeUpdateStatement(TSServiceImpl.java:1083)
	at org.apache.iotdb.service.rpc.thrift.TSIService$Processor$executeUpdateStatement.getResult(TSIService.java:2928)
	at org.apache.iotdb.service.rpc.thrift.TSIService$Processor$executeUpdateStatement.getResult(TSIService.java:2908)
	at org.apache.thrift.ProcessFunction.process(ProcessFunction.java:38)
	at org.apache.thrift.TBaseProcessor.process(TBaseProcessor.java:38)
	at org.apache.thrift.server.TThreadPoolServer$WorkerProcess.run(TThreadPoolServer.java:248)
	at java.util.concurrent.ThreadPoolExecutor.runWorker(ThreadPoolExecutor.java:1142)
	at java.util.concurrent.ThreadPoolExecutor$Worker.run(ThreadPoolExecutor.java:617)
	at java.lang.Thread.run(Thread.java:748)
2022-08-14 13:39:50,132 [pool-14-IoTDB-RPC-Client-5] WARN  o.a.i.d.u.ErrorHandlingUtils:153 - Exception occurred while processing non-query.  
org.apache.iotdb.db.exception.BatchProcessException: Batch process failed:[TSStatus(code:304, message:Path [root.test.t1.s_0] does not exist)]
	at org.apache.iotdb.db.qp.executor.PlanExecutor.deleteTimeSeries(PlanExecutor.java:1894)
	at org.apache.iotdb.db.qp.executor.PlanExecutor.processNonQuery(PlanExecutor.java:271)
	at org.apache.iotdb.db.service.basic.StandaloneServiceProvider.executeNonQuery(StandaloneServiceProvider.java:53)
	at org.apache.iotdb.db.service.thrift.impl.TSServiceImpl.executeNonQueryPlan(TSServiceImpl.java:2063)
	at org.apache.iotdb.db.service.thrift.impl.TSServiceImpl.executeNonQueryStatement(TSServiceImpl.java:1122)
	at org.apache.iotdb.db.service.thrift.impl.TSServiceImpl.executeUpdateStatement(TSServiceImpl.java:1115)
	at org.apache.iotdb.db.service.thrift.impl.TSServiceImpl.executeUpdateStatement(TSServiceImpl.java:1083)
	at org.apache.iotdb.service.rpc.thrift.TSIService$Processor$executeUpdateStatement.getResult(TSIService.java:2928)
	at org.apache.iotdb.service.rpc.thrift.TSIService$Processor$executeUpdateStatement.getResult(TSIService.java:2908)
	at org.apache.thrift.ProcessFunction.process(ProcessFunction.java:38)
	at org.apache.thrift.TBaseProcessor.process(TBaseProcessor.java:38)
	at org.apache.thrift.server.TThreadPoolServer$WorkerProcess.run(TThreadPoolServer.java:248)
	at java.util.concurrent.ThreadPoolExecutor.runWorker(ThreadPoolExecutor.java:1142)
	at java.util.concurrent.ThreadPoolExecutor$Worker.run(ThreadPoolExecutor.java:617)
	at java.lang.Thread.run(Thread.java:748)
2022-08-14 13:41:44,135 [pool-14-IoTDB-RPC-Client-6] WARN  o.a.i.d.u.ErrorHandlingUtils:153 - Exception occurred while processing non-query.  
org.apache.iotdb.db.exception.BatchProcessException: Batch process failed:[TSStatus(code:304, message:Path [root.test.t1.s_0] does not exist)]
	at org.apache.iotdb.db.qp.executor.PlanExecutor.deleteTimeSeries(PlanExecutor.java:1894)
	at org.apache.iotdb.db.qp.executor.PlanExecutor.processNonQuery(PlanExecutor.java:271)
	at org.apache.iotdb.db.service.basic.StandaloneServiceProvider.executeNonQuery(StandaloneServiceProvider.java:53)
	at org.apache.iotdb.db.service.thrift.impl.TSServiceImpl.executeNonQueryPlan(TSServiceImpl.java:2063)
	at org.apache.iotdb.db.service.thrift.impl.TSServiceImpl.executeNonQueryStatement(TSServiceImpl.java:1122)
	at org.apache.iotdb.db.service.thrift.impl.TSServiceImpl.executeUpdateStatement(TSServiceImpl.java:1115)
	at org.apache.iotdb.db.service.thrift.impl.TSServiceImpl.executeUpdateStatement(TSServiceImpl.java:1083)
	at org.apache.iotdb.service.rpc.thrift.TSIService$Processor$executeUpdateStatement.getResult(TSIService.java:2928)
	at org.apache.iotdb.service.rpc.thrift.TSIService$Processor$executeUpdateStatement.getResult(TSIService.java:2908)
	at org.apache.thrift.ProcessFunction.process(ProcessFunction.java:38)
	at org.apache.thrift.TBaseProcessor.process(TBaseProcessor.java:38)
	at org.apache.thrift.server.TThreadPoolServer$WorkerProcess.run(TThreadPoolServer.java:248)
	at java.util.concurrent.ThreadPoolExecutor.runWorker(ThreadPoolExecutor.java:1142)
	at java.util.concurrent.ThreadPoolExecutor$Worker.run(ThreadPoolExecutor.java:617)
	at java.lang.Thread.run(Thread.java:748)
2022-08-14 13:46:09,466 [pool-14-IoTDB-RPC-Client-7] WARN  o.a.i.d.u.ErrorHandlingUtils:153 - Exception occurred while processing non-query.  
org.apache.iotdb.db.exception.BatchProcessException: Batch process failed:[TSStatus(code:304, message:Path [root.test.t1.s_0] does not exist)]
	at org.apache.iotdb.db.qp.executor.PlanExecutor.deleteTimeSeries(PlanExecutor.java:1894)
	at org.apache.iotdb.db.qp.executor.PlanExecutor.processNonQuery(PlanExecutor.java:271)
	at org.apache.iotdb.db.service.basic.StandaloneServiceProvider.executeNonQuery(StandaloneServiceProvider.java:53)
	at org.apache.iotdb.db.service.thrift.impl.TSServiceImpl.executeNonQueryPlan(TSServiceImpl.java:2063)
	at org.apache.iotdb.db.service.thrift.impl.TSServiceImpl.executeNonQueryStatement(TSServiceImpl.java:1122)
	at org.apache.iotdb.db.service.thrift.impl.TSServiceImpl.executeUpdateStatement(TSServiceImpl.java:1115)
	at org.apache.iotdb.db.service.thrift.impl.TSServiceImpl.executeUpdateStatement(TSServiceImpl.java:1083)
	at org.apache.iotdb.service.rpc.thrift.TSIService$Processor$executeUpdateStatement.getResult(TSIService.java:2928)
	at org.apache.iotdb.service.rpc.thrift.TSIService$Processor$executeUpdateStatement.getResult(TSIService.java:2908)
	at org.apache.thrift.ProcessFunction.process(ProcessFunction.java:38)
	at org.apache.thrift.TBaseProcessor.process(TBaseProcessor.java:38)
	at org.apache.thrift.server.TThreadPoolServer$WorkerProcess.run(TThreadPoolServer.java:248)
	at java.util.concurrent.ThreadPoolExecutor.runWorker(ThreadPoolExecutor.java:1142)
	at java.util.concurrent.ThreadPoolExecutor$Worker.run(ThreadPoolExecutor.java:617)
	at java.lang.Thread.run(Thread.java:748)
